<?xml version="1.0" encoding="UTF-8"?>
<testsuite name="HelloWorldTest" tests="1" skipped="0" failures="0" errors="0" timestamp="2021-02-13T20:49:22" hostname="LAPTOP-KP8OFJOV" time="0.016">
  <properties/>
  <testcase name="helloWorldTest" classname="HelloWorldTest" time="0.016"/>
  <system-out><![CDATA[]]></system-out>
  <system-err><![CDATA[]]></system-err>
</testsuite>
